\BOOKMARK [1][]{section.1}{Introduction}{}% 1
\BOOKMARK [1][]{section.2}{OptimizationProblem}{}% 2
\BOOKMARK [2][]{subsection.2.1}{CostTerm}{section.2}% 3
\BOOKMARK [3][]{subsubsection.2.1.1}{ErrorEvaluator}{subsection.2.1}% 4
\BOOKMARK [3][]{subsubsection.2.1.2}{NoiseModel}{subsection.2.1}% 5
\BOOKMARK [3][]{subsubsection.2.1.3}{LossFunctions}{subsection.2.1}% 6
\BOOKMARK [2][]{subsection.2.2}{StateVariable}{section.2}% 7
\BOOKMARK [3][]{subsubsection.2.2.1}{VectorSpaceStateVar}{subsection.2.2}% 8
\BOOKMARK [3][]{subsubsection.2.2.2}{LieGroupStateVar}{subsection.2.2}% 9
\BOOKMARK [3][]{subsubsection.2.2.3}{LandmarkStateVar}{subsection.2.2}% 10
\BOOKMARK [3][]{subsubsection.2.2.4}{Locking a StateVariable}{subsection.2.2}% 11
\BOOKMARK [3][]{subsubsection.2.2.5}{Continuous-Time Trajectories}{subsection.2.2}% 12
\BOOKMARK [1][]{section.3}{Solvers \(derivatives of SolverBase\)}{}% 13
\BOOKMARK [2][]{subsection.3.1}{SolverBase}{section.3}% 14
\BOOKMARK [2][]{subsection.3.2}{GaussNewtonSolverBase}{section.3}% 15
\BOOKMARK [2][]{subsection.3.3}{VanillaGaussNewtonSolver}{section.3}% 16
\BOOKMARK [2][]{subsection.3.4}{Line Search and Trust Region Solvers}{section.3}% 17
\BOOKMARK [3][]{subsubsection.3.4.1}{LineSearchGaussNewtonSolver}{subsection.3.4}% 18
\BOOKMARK [3][]{subsubsection.3.4.2}{LevMarqGaussNewtonSolver}{subsection.3.4}% 19
\BOOKMARK [3][]{subsubsection.3.4.3}{DoglegGaussNewtonSolver}{subsection.3.4}% 20
\BOOKMARK [1][]{section.4}{TransformEvaluators}{}% 21
\BOOKMARK [2][]{subsection.4.1}{Stereo Camera Error Metric}{section.4}% 22
\BOOKMARK [3][]{subsubsection.4.1.1}{Nonlinear Measurement}{subsection.4.1}% 23
\BOOKMARK [3][]{subsubsection.4.1.2}{Simple ErrorEvaluator}{subsection.4.1}% 24
\BOOKMARK [3][]{subsubsection.4.1.3}{Why use TransformEvaluators}{subsection.4.1}% 25
\BOOKMARK [1][]{section.5}{More Examples}{}% 26
